build/app/outputs/mapping/release/seeds.txt
com.Party.partyapp.MainActivity
com.Party.partyapp.MainActivity: MainActivity()
...
paytm.assist.easypay.easypay.appinvoke.R$styleable: int ConstraintOverride_motionProgress
androidx.appcompat.R$style: int Base_Widget_AppCompat_Button_Borderless
okhttp3.HttpUrl$Builder$Companion: HttpUrl$Builder$Companion()
androidx.appcompat.R$style: int Base_TextAppearance_AppCompat_Subhead
okhttp3.Cookie$Companion: long parseMaxAge(java.lang.String)
paytm.assist.easypay.easypay.appinvoke.R$styleable: int Layout_constraint_referenced_ids
androidx.window.layout.SidecarWindowBackend$ExtensionListenerImpl: SidecarWindowBackend$ExtensionListenerImpl(androidx.window.layout.SidecarWindowBackend)
androidx.fragment.R$animator: int fragment_fade_enter
androidx.appcompat.R$id: int action_image
paytm.assist.easypay.easypay.appinvoke.R$styleable: int AppCompatTheme_imageButtonStyle
androidx.fragment.app.SpecialEffectsController$Operation$State: androidx.fragment.app.SpecialEffectsController$Operation$State valueOf(java.lang.String)
okhttp3.HttpUrl$Companion: okhttp3.HttpUrl -deprecated_get(java.net.URL)
paytm.assist.easypay.easypay.appinvoke.R$styleable: int KeyTrigger_motion_postLayoutCollision
okhttp3.Protocol: okhttp3.Protocol HTTP_1_1
androidx.appcompat.R$style: int RtlOverlay_Widget_AppCompat_Search_DropDown_Icon1
paytm.assist.easypay.easypay.appinvoke.R$styleable: int CoordinatorLayout_Layout_layout_anchorGravity
com.airbnb.lottie.R$styleable: int AppCompatTextView_drawableBottomCompat
paytm.assist.easypay.easypay.appinvoke.R$drawable: int abc_ab_share_pack_mtrl_alpha
okhttp3.Challenge: java.util.Map authParams()
okhttp3.Response: java.lang.String header(java.lang.String)
androidx.appcompat.R$style: int Widget_AppCompat_SearchView
okhttp3.Response$Builder: java.lang.String message
io.flutter.embedding.engine.FlutterJNI: android.graphics.Bitmap nativeGetBitmap(long)
androidx.window.layout.WindowMetricsCalculator$Companion$decorator$1: java.lang.Object invoke(java.lang.Object)
androidx.window.layout.WindowMetrics
androidx.appcompat.R$attr: int commitIcon
paytm.assist.easypay.easypay.appinvoke.R$styleable: int Layout_layout_marginBaseline
paytm.assist.easypay.easypay.appinvoke.R$styleable: int ConstraintSet_android_id
androidx.coordinatorlayout.R$attr: int fontProviderAuthority
androidx.window.java.layout.WindowInfoTrackerCallbackAdapter$addListener$1$1: kotlinx.coroutines.flow.Flow $flow
androidx.appcompat.resources.R$styleable: int GradientColor_android_tileMode
com.airbnb.lottie.LottieAnimationView: float getSpeed()
androidx.appcompat.R$id: int accessibility_custom_action_11
okhttp3.HttpUrl: java.util.List -deprecated_pathSegments()
androidx.constraintlayout.widget.R$styleable: int KeyPosition_drawPath
com.airbnb.lottie.R$styleable: int MenuItem_android_alphabeticShortcut
androidx.constraintlayout.widget.R$id: int list_item
com.paytm.pgsdk.R$style: int Base_TextAppearance_AppCompat_Widget_PopupMenu_Small
androidx.constraintlayout.widget.R$styleable: int AppCompatTheme_textColorSearchUrl
androidx.appcompat.R$style: int Base_Widget_AppCompat_ActionBar_TabBar
androidx.constraintlayout.widget.R$styleable: int AppCompatTheme_colorButtonNormal
com.airbnb.lottie.LottieAnimationView: float getProgress()
com.airbnb.lottie.R$styleable: int[] SearchView
androidx.appcompat.R$styleable: int Toolbar_navigationIcon
com.google.gson.LongSerializationPolicy: com.google.gson.LongSerializationPolicy[] values()
androidx.appcompat.R$styleable: int AppCompatSeekBar_tickMark
androidx.appcompat.widget.AppCompatSpinner: void setSupportBackgroundTintMode(android.graphics.PorterDuff$Mode)
okhttp3.MultipartReader: void close()
androidx.core.app.RemoteActionCompat
androidx.constraintlayout.helper.widget.Layer: void setTranslationX(float)
androidx.appcompat.widget.AppCompatToggleButton: void setBackgroundDrawable(android.graphics.drawable.Drawable)
androidx.appcompat.R$styleable: int ActionMode_subtitleTextStyle
com.paytm.pgsdk.R$style: int RtlOverlay_Widget_AppCompat_SearchView_MagIcon