build/app/outputs/mapping/release/mapping.txt
# compiler: R8
# compiler_version: 2.0.88
# min_api: 21
# pg_map_id: ba2aaa8
# common_typos_disable
...
androidx.appcompat.widget.ActionMenuView$MenuBuilderCallback -> androidx.appcompat.widget.ActionMenuView$c:
    androidx.appcompat.widget.ActionMenuView this$0 -> e
    boolean onMenuItemSelected(androidx.appcompat.view.menu.MenuBuilder,android.view.MenuItem) -> a
    void onMenuModeChange(androidx.appcompat.view.menu.MenuBuilder) -> b
androidx.appcompat.widget.ActionMenuView$OnMenuItemClickListener -> androidx.appcompat.widget.ActionMenuView$d:
androidx.appcompat.widget.ActivityChooserModel -> androidx.appcompat.widget.d:
    android.content.Intent chooseActivity(int) -> a
    android.content.pm.ResolveInfo getActivity(int) -> b
    int getActivityCount() -> c
    int getActivityIndex(android.content.pm.ResolveInfo) -> d
    android.content.pm.ResolveInfo getDefaultActivity() -> e
    int getHistorySize() -> f
    void setDefaultActivity(int) -> g
androidx.appcompat.widget.ActivityChooserView -> androidx.appcompat.widget.ActivityChooserView:
    android.widget.PopupWindow$OnDismissListener mOnDismissListener -> r
    int mListPopupMaxWidth -> m
    android.graphics.drawable.Drawable mActivityChooserContentBackground -> h
    android.widget.FrameLayout mDefaultActivityButton -> k
    androidx.core.view.ActionProvider mProvider -> n
    android.widget.FrameLayout mExpandActivityOverflowButton -> i
    boolean mIsAttachedToWindow -> u
    android.database.DataSetObserver mModelDataSetObserver -> o
    boolean mIsSelectingDefaultActivity -> s
    android.widget.ImageView mDefaultActivityButtonImage -> l
    androidx.appcompat.widget.ListPopupWindow mListPopupWindow -> q
    android.widget.ImageView mExpandActivityOverflowButtonImage -> j
    int mDefaultActionButtonContentDescription -> v
    int mInitialActivityCount -> t
    androidx.appcompat.widget.ActivityChooserView$ActivityChooserViewAdapter mAdapter -> e
    androidx.appcompat.widget.ActivityChooserView$Callbacks mCallbacks -> f
    android.view.View mActivityChooserContent -> g
    android.view.ViewTreeObserver$OnGlobalLayoutListener mOnGlobalLayoutListener -> p
    boolean dismissPopup() -> a
    boolean isShowingPopup() -> b
    boolean showPopup() -> c
    void showPopupUnchecked(int) -> d
    void updateAppearance() -> e
androidx.appcompat.widget.ActivityChooserView$1 -> androidx.appcompat.widget.ActivityChooserView$a:
    androidx.appcompat.widget.ActivityChooserView this$0 -> a
androidx.appcompat.widget.ActivityChooserView$2 -> androidx.appcompat.widget.ActivityChooserView$b:
    androidx.appcompat.widget.ActivityChooserView this$0 -> e
androidx.appcompat.widget.ActivityChooserView$3 -> androidx.appcompat.widget.ActivityChooserView$c:
androidx.appcompat.widget.ActivityChooserView$4 -> androidx.appcompat.widget.ActivityChooserView$d:
    androidx.appcompat.widget.ActivityChooserView this$0 -> n
    androidx.appcompat.view.menu.ShowableListMenu getPopup() -> b
    boolean onForwardingStarted() -> c
    boolean onForwardingStopped() -> d
androidx.appcompat.widget.ActivityChooserView$5 -> androidx.appcompat.widget.ActivityChooserView$e:
    androidx.appcompat.widget.ActivityChooserView this$0 -> a
androidx.appcompat.widget.ActivityChooserView$ActivityChooserViewAdapter -> androidx.appcompat.widget.ActivityChooserView$f:
    boolean mShowFooterView -> i
    androidx.appcompat.widget.ActivityChooserModel mDataModel -> e
    int mMaxActivityCount -> f
    androidx.appcompat.widget.ActivityChooserView this$0 -> j
    boolean mShowDefaultActivity -> g
    boolean mHighlightDefaultActivity -> h
    int getActivityCount() -> a
    androidx.appcompat.widget.ActivityChooserModel getDataModel() -> b
    android.content.pm.ResolveInfo getDefaultActivity() -> c
    int getHistorySize() -> d
    boolean getShowDefaultActivity() -> e
    int measureContentWidth() -> f
    void setDataModel(androidx.appcompat.widget.ActivityChooserModel) -> g
    void setMaxActivityCount(int) -> h
    void setShowDefaultActivity(boolean,boolean) -> i
    void setShowFooterView(boolean) -> j