build/app/outputs/mapping/release/usage.txt
com.Party.partyapp.R$integer
com.Party.partyapp.R$dimen
com.Party.partyapp.R$anim
com.Party.partyapp.R$style
com.Party.partyapp.R
com.Party.partyapp.R$id
com.Party.partyapp.BuildConfig
com.Party.partyapp.R$drawable
com.Party.partyapp.R$color
com.Party.partyapp.R$xml
com.Party.partyapp.R$attr
com.Party.partyapp.R$layout
com.Party.partyapp.R$animator
com.Party.partyapp.R$bool
com.Party.partyapp.R$interpolator
com.Party.partyapp.R$mipmap
com.Party.partyapp.R$string
com.Party.partyapp.R$styleable
...
com.airbnb.lottie.parser.CircleShapeParser:
    private void <init>()
androidx.loader.content.ModernAsyncTask$1
androidx.annotation.NavigationRes
androidx.core.view.accessibility.AccessibilityNodeInfoCompat:
    static androidx.core.view.accessibility.AccessibilityNodeInfoCompat wrapNonNullInstance(java.lang.Object)
    public void <init>(java.lang.Object)
    public static androidx.core.view.accessibility.AccessibilityNodeInfoCompat obtain(android.view.View)
    public static androidx.core.view.accessibility.AccessibilityNodeInfoCompat obtain(android.view.View,int)
    public static androidx.core.view.accessibility.AccessibilityNodeInfoCompat obtain()
    private boolean getBooleanProperty(int)
    public java.lang.Object getInfo()
    public void setSource(android.view.View,int)
    public androidx.core.view.accessibility.AccessibilityNodeInfoCompat findFocus(int)
    public androidx.core.view.accessibility.AccessibilityNodeInfoCompat focusSearch(int)
    public int getWindowId()
    public int getChildCount()
    public androidx.core.view.accessibility.AccessibilityNodeInfoCompat getChild(int)
    public void addChild(android.view.View,int)
    public boolean removeChild(android.view.View)
    public boolean removeChild(android.view.View,int)
    public boolean performAction(int)
    public java.util.List findAccessibilityNodeInfosByText(java.lang.String)
    public androidx.core.view.accessibility.AccessibilityNodeInfoCompat getParent()
    public void setParent(android.view.View,int)
    public void setCheckable(boolean)
    public void setChecked(boolean)
    public void setPassword(boolean)
androidx.appcompat.widget.SuggestionsAdapter:
    public int getQueryRefinement()
    public void close()
    private static final boolean DBG
    private static final java.lang.String LOG_TAG
    private static final int QUERY_LIMIT
    static final int REFINE_NONE
    static final int REFINE_BY_ENTRY
    static final int REFINE_ALL
    static final int INVALID_INDEX
com.google.android.gms.common.data.FreezableUtils
kotlin.UseExperimental
androidx.core.content.ContextCompat$Api28Impl:
    private void <init>()
com.paytm.pgsdk.PaytmStatusQuery
androidx.core.view.WindowInsetsAnimationCompat$Impl30$ProxyCallback
kotlinx.coroutines.channels.TickerChannelsKt$ticker$3$WhenMappings
androidx.core.provider.RequestExecutor:
    private void <init>()
    static java.util.concurrent.Executor createHandlerExecutor(android.os.Handler)
com.google.gson.internal.$Gson$Preconditions:
    private void <init>()
androidx.appcompat.widget.TooltipPopup:
    private static final java.lang.String TAG
androidx.fragment.app.FragmentStore:
    int getActiveFragmentCount()
    private static final java.lang.String TAG
com.google.android.gms.common.internal.ICancelToken$Stub
com.airbnb.lottie.parser.LottieCompositionMoshiParser:
    public void <init>()
kotlinx.coroutines.flow.internal.CombineKt$zipImpl$1$1$2$invokeSuspend$$inlined$collect$1
kotlinx.coroutines.flow.FlowKt__BuildersKt$flowOf$$inlined$unsafeFlow$1
androidx.legacy.coreutils.R$dimen
kotlin.time.DurationUnitKt$WhenMappings
androidx.lifecycle.runtime.R$id:
    private void <init>()
androidx.print.PrintHelper$OnPrintFinishCallback
androidx.core.text.BidiFormatter
kotlinx.coroutines.flow.FlowKt__MergeKt$flattenConcat$$inlined$unsafeFlow$1
androidx.loader.content.AsyncTaskLoader
kotlinx.coroutines.CompletionHandler_commonKt
androidx.constraintlayout.core.motion.utils.TimeCycleSplineSet$CustomSet
kotlinx.coroutines.flow.FlowKt__ZipKt$combine$6$2
androidx.activity.R$string
android.support.v4.media.session.MediaSessionCompat$3
com.google.gson.internal.LazilyParsedNumber:
    private java.lang.Object writeReplace()
kotlin.text.SystemProperties
kotlinx.coroutines.debug.internal.ConcurrentWeakMapKt